2015-12-13 20:14:35 - PHP Notice:  Undefined variable: template_layout in /var/www/html/adelaonline/catalog/view/theme/lexus_adela/template/common/header.tpl on line 129
2015-12-13 20:15:20 - PHP Notice:  Undefined variable: template_layout in /var/www/html/adelaonline/catalog/view/theme/lexus_adela/template/common/header.tpl on line 129
2015-12-13 20:15:26 - PHP Notice:  Undefined variable: template_layout in /var/www/html/adelaonline/catalog/view/theme/lexus_adela/template/common/header.tpl on line 129
2015-12-13 20:15:35 - PHP Notice:  Undefined variable: template_layout in /var/www/html/adelaonline/catalog/view/theme/lexus_adela/template/common/header.tpl on line 129
2015-12-13 20:20:27 - PHP Notice:  Undefined variable: pagination in /var/www/html/adelaonline/catalog/view/theme/lexus_adela/template/common/products_module.tpl on line 47
2015-12-13 20:20:27 - PHP Notice:  Undefined variable: pagination in /var/www/html/adelaonline/catalog/view/theme/lexus_adela/template/common/products_module.tpl on line 47
2015-12-13 20:20:27 - PHP Notice:  Undefined variable: template_layout in /var/www/html/adelaonline/catalog/view/theme/lexus_adela/template/common/header.tpl on line 129
2015-12-13 20:20:32 - PHP Notice:  Undefined variable: pagination in /var/www/html/adelaonline/catalog/view/theme/lexus_adela/template/common/products_module.tpl on line 47
2015-12-13 20:20:32 - PHP Notice:  Undefined variable: pagination in /var/www/html/adelaonline/catalog/view/theme/lexus_adela/template/common/products_module.tpl on line 47
2015-12-13 20:20:32 - PHP Notice:  Undefined variable: template_layout in /var/www/html/adelaonline/catalog/view/theme/lexus_adela/template/common/header.tpl on line 129
2015-12-13 20:20:36 - PHP Notice:  Undefined variable: pagination in /var/www/html/adelaonline/catalog/view/theme/lexus_adela/template/common/products_module.tpl on line 47
2015-12-13 20:20:36 - PHP Notice:  Undefined variable: pagination in /var/www/html/adelaonline/catalog/view/theme/lexus_adela/template/common/products_module.tpl on line 47
2015-12-13 20:20:36 - PHP Notice:  Undefined variable: template_layout in /var/www/html/adelaonline/catalog/view/theme/lexus_adela/template/common/header.tpl on line 129
2015-12-13 20:20:40 - PHP Notice:  Undefined variable: template_layout in /var/www/html/adelaonline/catalog/view/theme/lexus_adela/template/common/header.tpl on line 129
2015-12-13 20:44:20 - PHP Notice:  Undefined variable: pagination in /var/www/html/adelaonline/catalog/view/theme/lexus_adela/template/common/products_module.tpl on line 47
2015-12-13 20:44:20 - PHP Notice:  Undefined variable: pagination in /var/www/html/adelaonline/catalog/view/theme/lexus_adela/template/common/products_module.tpl on line 47
2015-12-13 20:44:20 - PHP Notice:  Undefined variable: template_layout in /var/www/html/adelaonline/catalog/view/theme/lexus_adela/template/common/header.tpl on line 129
2015-12-13 20:44:25 - PHP Notice:  Undefined variable: pagination in /var/www/html/adelaonline/catalog/view/theme/lexus_adela/template/common/products_module.tpl on line 47
2015-12-13 20:44:25 - PHP Notice:  Undefined variable: pagination in /var/www/html/adelaonline/catalog/view/theme/lexus_adela/template/common/products_module.tpl on line 47
2015-12-13 20:44:25 - PHP Notice:  Undefined variable: template_layout in /var/www/html/adelaonline/catalog/view/theme/lexus_adela/template/common/header.tpl on line 129
2015-12-13 20:44:29 - PHP Notice:  Undefined variable: template_layout in /var/www/html/adelaonline/catalog/view/theme/lexus_adela/template/common/header.tpl on line 129
2015-12-13 20:53:06 - PHP Notice:  Undefined variable: pagination in /var/www/html/adelaonline/catalog/view/theme/lexus_adela/template/common/products_module.tpl on line 47
2015-12-13 20:53:06 - PHP Notice:  Undefined variable: pagination in /var/www/html/adelaonline/catalog/view/theme/lexus_adela/template/common/products_module.tpl on line 47
2015-12-13 20:53:06 - PHP Notice:  Undefined variable: template_layout in /var/www/html/adelaonline/catalog/view/theme/lexus_adela/template/common/header.tpl on line 129
2015-12-13 20:53:10 - PHP Notice:  Undefined variable: template_layout in /var/www/html/adelaonline/catalog/view/theme/lexus_adela/template/common/header.tpl on line 129
2015-12-13 20:55:27 - PHP Notice:  Trying to get property of non-object in /var/www/html/adelaonline/admin/controller/feed/sentir_dropship.php on line 436
2015-12-13 20:55:27 - PHP Notice:  Trying to get property of non-object in /var/www/html/adelaonline/admin/view/template/feed/sentir_dropship_inventory.tpl on line 19
2015-12-13 20:55:27 - PHP Notice:  Trying to get property of non-object in /var/www/html/adelaonline/admin/view/template/feed/sentir_dropship_inventory.tpl on line 20
2015-12-13 20:55:27 - PHP Notice:  Trying to get property of non-object in /var/www/html/adelaonline/admin/view/template/feed/sentir_dropship_inventory.tpl on line 21
2015-12-13 20:55:27 - PHP Notice:  Trying to get property of non-object in /var/www/html/adelaonline/admin/view/template/feed/sentir_dropship_inventory.tpl on line 27
2015-12-13 20:55:27 - PHP Notice:  Trying to get property of non-object in /var/www/html/adelaonline/admin/view/template/feed/sentir_dropship_inventory.tpl on line 28
2015-12-13 20:55:27 - PHP Notice:  Trying to get property of non-object in /var/www/html/adelaonline/admin/view/template/feed/sentir_dropship_inventory.tpl on line 28
2015-12-13 20:55:27 - PHP Notice:  Trying to get property of non-object in /var/www/html/adelaonline/admin/view/template/feed/sentir_dropship_inventory.tpl on line 29
2015-12-13 20:55:43 - PHP Notice:  Undefined variable: pagination in /var/www/html/adelaonline/catalog/view/theme/lexus_adela/template/common/products_module.tpl on line 47
2015-12-13 20:55:43 - PHP Notice:  Undefined variable: pagination in /var/www/html/adelaonline/catalog/view/theme/lexus_adela/template/common/products_module.tpl on line 47
2015-12-13 20:55:43 - PHP Notice:  Undefined variable: template_layout in /var/www/html/adelaonline/catalog/view/theme/lexus_adela/template/common/header.tpl on line 129
2015-12-13 20:55:47 - PHP Notice:  Undefined variable: template_layout in /var/www/html/adelaonline/catalog/view/theme/lexus_adela/template/common/header.tpl on line 129
2015-12-13 21:05:52 - PHP Notice:  Undefined variable: pagination in /var/www/html/adelaonline/catalog/view/theme/lexus_adela/template/common/products_module.tpl on line 47
2015-12-13 21:05:52 - PHP Notice:  Undefined variable: pagination in /var/www/html/adelaonline/catalog/view/theme/lexus_adela/template/common/products_module.tpl on line 47
2015-12-13 21:05:52 - PHP Notice:  Undefined variable: template_layout in /var/www/html/adelaonline/catalog/view/theme/lexus_adela/template/common/header.tpl on line 129
2015-12-13 21:05:54 - PHP Notice:  Undefined variable: template_layout in /var/www/html/adelaonline/catalog/view/theme/lexus_adela/template/common/header.tpl on line 129
2015-12-13 21:21:29 - PHP Notice:  Undefined variable: pagination in /var/www/html/adelaonline/catalog/view/theme/lexus_adela/template/common/products_module.tpl on line 47
2015-12-13 21:21:29 - PHP Notice:  Undefined variable: pagination in /var/www/html/adelaonline/catalog/view/theme/lexus_adela/template/common/products_module.tpl on line 47
2015-12-13 21:21:29 - PHP Notice:  Undefined variable: template_layout in /var/www/html/adelaonline/catalog/view/theme/lexus_adela/template/common/header.tpl on line 129
2015-12-13 21:21:32 - PHP Notice:  Undefined variable: template_layout in /var/www/html/adelaonline/catalog/view/theme/lexus_adela/template/common/header.tpl on line 129
2015-12-13 21:24:00 - PHP Notice:  Trying to get property of non-object in /var/www/html/adelaonline/admin/controller/feed/sentir_dropship.php on line 232
2015-12-13 21:24:00 - PHP Warning:  Invalid argument supplied for foreach() in /var/www/html/adelaonline/admin/controller/feed/sentir_dropship.php on line 232
2015-12-13 21:24:08 - PHP Notice:  Undefined variable: template_layout in /var/www/html/adelaonline/catalog/view/theme/lexus_adela/template/common/header.tpl on line 129
2015-12-13 21:24:13 - PHP Notice:  Undefined variable: template_layout in /var/www/html/adelaonline/catalog/view/theme/lexus_adela/template/common/header.tpl on line 129
2015-12-13 21:24:33 - PHP Notice:  Undefined variable: template_layout in /var/www/html/adelaonline/catalog/view/theme/lexus_adela/template/common/header.tpl on line 129
2015-12-13 21:24:36 - PHP Notice:  Undefined variable: template_layout in /var/www/html/adelaonline/catalog/view/theme/lexus_adela/template/common/header.tpl on line 129
2015-12-13 21:25:05 - PHP Unknown:  Object of class DB could not be converted to string in /var/www/html/adelaonline/admin/model/feed/sentir_dropship.php on line 281
2015-12-13 21:25:10 - PHP Notice:  Undefined variable: pagination in /var/www/html/adelaonline/catalog/view/theme/lexus_adela/template/common/products_module.tpl on line 47
2015-12-13 21:25:10 - PHP Notice:  Undefined variable: pagination in /var/www/html/adelaonline/catalog/view/theme/lexus_adela/template/common/products_module.tpl on line 47
2015-12-13 21:25:10 - PHP Notice:  Undefined variable: template_layout in /var/www/html/adelaonline/catalog/view/theme/lexus_adela/template/common/header.tpl on line 129
2015-12-13 21:25:11 - PHP Notice:  Undefined variable: template_layout in /var/www/html/adelaonline/catalog/view/theme/lexus_adela/template/common/header.tpl on line 129
2015-12-13 21:26:35 - PHP Notice:  Undefined variable: pagination in /var/www/html/adelaonline/catalog/view/theme/lexus_adela/template/common/products_module.tpl on line 47
2015-12-13 21:26:35 - PHP Notice:  Undefined variable: pagination in /var/www/html/adelaonline/catalog/view/theme/lexus_adela/template/common/products_module.tpl on line 47
2015-12-13 21:26:35 - PHP Notice:  Undefined variable: template_layout in /var/www/html/adelaonline/catalog/view/theme/lexus_adela/template/common/header.tpl on line 129
2015-12-13 21:27:47 - PHP Notice:  Undefined variable: pagination in /var/www/html/adelaonline/catalog/view/theme/lexus_adela/template/common/products_module.tpl on line 47
2015-12-13 21:27:47 - PHP Notice:  Undefined variable: pagination in /var/www/html/adelaonline/catalog/view/theme/lexus_adela/template/common/products_module.tpl on line 47
2015-12-13 21:27:47 - PHP Notice:  Undefined variable: template_layout in /var/www/html/adelaonline/catalog/view/theme/lexus_adela/template/common/header.tpl on line 129
2015-12-13 21:28:01 - PHP Notice:  Undefined variable: pagination in /var/www/html/adelaonline/catalog/view/theme/lexus_adela/template/common/products_module.tpl on line 47
2015-12-13 21:28:01 - PHP Notice:  Undefined variable: pagination in /var/www/html/adelaonline/catalog/view/theme/lexus_adela/template/common/products_module.tpl on line 47
2015-12-13 21:28:01 - PHP Notice:  Undefined variable: template_layout in /var/www/html/adelaonline/catalog/view/theme/lexus_adela/template/common/header.tpl on line 129
2015-12-13 21:28:04 - PHP Notice:  Undefined variable: template_layout in /var/www/html/adelaonline/catalog/view/theme/lexus_adela/template/common/header.tpl on line 129
2015-12-13 21:40:28 - PHP Notice:  Undefined property: stdClass::$subtract in /var/www/html/adelaonline/admin/model/feed/sentir_dropship.php on line 228
2015-12-13 21:40:28 - PHP Notice:  Undefined property: stdClass::$points in /var/www/html/adelaonline/admin/model/feed/sentir_dropship.php on line 228
2015-12-13 21:40:28 - PHP Notice:  Undefined property: stdClass::$points_prefix in /var/www/html/adelaonline/admin/model/feed/sentir_dropship.php on line 228
2015-12-13 21:40:28 - PHP Notice:  Undefined property: stdClass::$weight in /var/www/html/adelaonline/admin/model/feed/sentir_dropship.php on line 228
2015-12-13 21:40:28 - PHP Notice:  Undefined property: stdClass::$weight_prefix in /var/www/html/adelaonline/admin/model/feed/sentir_dropship.php on line 228
2015-12-13 21:40:28 - PHP Notice:  Error: Duplicate entry '0-0' for key 'PRIMARY'<br />Error No: 1062<br />INSERT INTO oc_option_value_description SET option_id = '52',name='Black' in /var/www/html/adelaonline/system/library/db/mysqli.php on line 41
2015-12-13 21:40:28 - PHP Notice:  Undefined property: stdClass::$subtract in /var/www/html/adelaonline/admin/model/feed/sentir_dropship.php on line 228
2015-12-13 21:40:28 - PHP Notice:  Undefined property: stdClass::$points in /var/www/html/adelaonline/admin/model/feed/sentir_dropship.php on line 228
2015-12-13 21:40:28 - PHP Notice:  Undefined property: stdClass::$points_prefix in /var/www/html/adelaonline/admin/model/feed/sentir_dropship.php on line 228
2015-12-13 21:40:28 - PHP Notice:  Undefined property: stdClass::$weight in /var/www/html/adelaonline/admin/model/feed/sentir_dropship.php on line 228
2015-12-13 21:40:28 - PHP Notice:  Undefined property: stdClass::$weight_prefix in /var/www/html/adelaonline/admin/model/feed/sentir_dropship.php on line 228
2015-12-13 21:40:28 - PHP Notice:  Error: Duplicate entry '0-0' for key 'PRIMARY'<br />Error No: 1062<br />INSERT INTO oc_option_value_description SET option_id = '53',name='Blue' in /var/www/html/adelaonline/system/library/db/mysqli.php on line 41
2015-12-13 21:40:28 - PHP Notice:  Undefined property: stdClass::$subtract in /var/www/html/adelaonline/admin/model/feed/sentir_dropship.php on line 228
2015-12-13 21:40:28 - PHP Notice:  Undefined property: stdClass::$points in /var/www/html/adelaonline/admin/model/feed/sentir_dropship.php on line 228
2015-12-13 21:40:28 - PHP Notice:  Undefined property: stdClass::$points_prefix in /var/www/html/adelaonline/admin/model/feed/sentir_dropship.php on line 228
2015-12-13 21:40:28 - PHP Notice:  Undefined property: stdClass::$weight in /var/www/html/adelaonline/admin/model/feed/sentir_dropship.php on line 228
2015-12-13 21:40:28 - PHP Notice:  Undefined property: stdClass::$weight_prefix in /var/www/html/adelaonline/admin/model/feed/sentir_dropship.php on line 228
2015-12-13 21:40:28 - PHP Notice:  Error: Duplicate entry '0-0' for key 'PRIMARY'<br />Error No: 1062<br />INSERT INTO oc_option_value_description SET option_id = '54',name='Red' in /var/www/html/adelaonline/system/library/db/mysqli.php on line 41
2015-12-13 21:40:28 - PHP Notice:  Undefined property: stdClass::$subtract in /var/www/html/adelaonline/admin/model/feed/sentir_dropship.php on line 228
2015-12-13 21:40:28 - PHP Notice:  Undefined property: stdClass::$points in /var/www/html/adelaonline/admin/model/feed/sentir_dropship.php on line 228
2015-12-13 21:40:28 - PHP Notice:  Undefined property: stdClass::$points_prefix in /var/www/html/adelaonline/admin/model/feed/sentir_dropship.php on line 228
2015-12-13 21:40:28 - PHP Notice:  Undefined property: stdClass::$weight in /var/www/html/adelaonline/admin/model/feed/sentir_dropship.php on line 228
2015-12-13 21:40:28 - PHP Notice:  Undefined property: stdClass::$weight_prefix in /var/www/html/adelaonline/admin/model/feed/sentir_dropship.php on line 228
2015-12-13 21:40:28 - PHP Notice:  Error: Duplicate entry '0-0' for key 'PRIMARY'<br />Error No: 1062<br />INSERT INTO oc_option_value_description SET option_id = '55',name='One-Size' in /var/www/html/adelaonline/system/library/db/mysqli.php on line 41
2015-12-13 21:40:28 - PHP Notice:  Undefined property: stdClass::$subtract in /var/www/html/adelaonline/admin/model/feed/sentir_dropship.php on line 228
2015-12-13 21:40:28 - PHP Notice:  Undefined property: stdClass::$points in /var/www/html/adelaonline/admin/model/feed/sentir_dropship.php on line 228
2015-12-13 21:40:28 - PHP Notice:  Undefined property: stdClass::$points_prefix in /var/www/html/adelaonline/admin/model/feed/sentir_dropship.php on line 228
2015-12-13 21:40:28 - PHP Notice:  Undefined property: stdClass::$weight in /var/www/html/adelaonline/admin/model/feed/sentir_dropship.php on line 228
2015-12-13 21:40:28 - PHP Notice:  Undefined property: stdClass::$weight_prefix in /var/www/html/adelaonline/admin/model/feed/sentir_dropship.php on line 228
2015-12-13 21:41:09 - PHP Notice:  Undefined variable: pagination in /var/www/html/adelaonline/catalog/view/theme/lexus_adela/template/common/products_module.tpl on line 47
2015-12-13 21:41:09 - PHP Notice:  Undefined variable: pagination in /var/www/html/adelaonline/catalog/view/theme/lexus_adela/template/common/products_module.tpl on line 47
2015-12-13 21:41:09 - PHP Notice:  Undefined variable: template_layout in /var/www/html/adelaonline/catalog/view/theme/lexus_adela/template/common/header.tpl on line 129
2015-12-13 21:41:14 - PHP Notice:  Undefined variable: template_layout in /var/www/html/adelaonline/catalog/view/theme/lexus_adela/template/common/header.tpl on line 129
2015-12-13 21:43:12 - PHP Notice:  Undefined property: stdClass::$subtract in /var/www/html/adelaonline/admin/model/feed/sentir_dropship.php on line 228
2015-12-13 21:43:12 - PHP Notice:  Undefined property: stdClass::$points in /var/www/html/adelaonline/admin/model/feed/sentir_dropship.php on line 228
2015-12-13 21:43:12 - PHP Notice:  Undefined property: stdClass::$points_prefix in /var/www/html/adelaonline/admin/model/feed/sentir_dropship.php on line 228
2015-12-13 21:43:12 - PHP Notice:  Undefined property: stdClass::$weight in /var/www/html/adelaonline/admin/model/feed/sentir_dropship.php on line 228
2015-12-13 21:43:12 - PHP Notice:  Undefined property: stdClass::$weight_prefix in /var/www/html/adelaonline/admin/model/feed/sentir_dropship.php on line 228
2015-12-13 21:43:12 - PHP Notice:  Undefined property: stdClass::$subtract in /var/www/html/adelaonline/admin/model/feed/sentir_dropship.php on line 228
2015-12-13 21:43:12 - PHP Notice:  Undefined property: stdClass::$points in /var/www/html/adelaonline/admin/model/feed/sentir_dropship.php on line 228
2015-12-13 21:43:12 - PHP Notice:  Undefined property: stdClass::$points_prefix in /var/www/html/adelaonline/admin/model/feed/sentir_dropship.php on line 228
2015-12-13 21:43:12 - PHP Notice:  Undefined property: stdClass::$weight in /var/www/html/adelaonline/admin/model/feed/sentir_dropship.php on line 228
2015-12-13 21:43:12 - PHP Notice:  Undefined property: stdClass::$weight_prefix in /var/www/html/adelaonline/admin/model/feed/sentir_dropship.php on line 228
2015-12-13 21:43:12 - PHP Notice:  Undefined property: stdClass::$subtract in /var/www/html/adelaonline/admin/model/feed/sentir_dropship.php on line 228
2015-12-13 21:43:12 - PHP Notice:  Undefined property: stdClass::$points in /var/www/html/adelaonline/admin/model/feed/sentir_dropship.php on line 228
2015-12-13 21:43:12 - PHP Notice:  Undefined property: stdClass::$points_prefix in /var/www/html/adelaonline/admin/model/feed/sentir_dropship.php on line 228
2015-12-13 21:43:12 - PHP Notice:  Undefined property: stdClass::$weight in /var/www/html/adelaonline/admin/model/feed/sentir_dropship.php on line 228
2015-12-13 21:43:12 - PHP Notice:  Undefined property: stdClass::$weight_prefix in /var/www/html/adelaonline/admin/model/feed/sentir_dropship.php on line 228
2015-12-13 21:43:12 - PHP Notice:  Undefined property: stdClass::$subtract in /var/www/html/adelaonline/admin/model/feed/sentir_dropship.php on line 228
2015-12-13 21:43:12 - PHP Notice:  Undefined property: stdClass::$points in /var/www/html/adelaonline/admin/model/feed/sentir_dropship.php on line 228
2015-12-13 21:43:12 - PHP Notice:  Undefined property: stdClass::$points_prefix in /var/www/html/adelaonline/admin/model/feed/sentir_dropship.php on line 228
2015-12-13 21:43:12 - PHP Notice:  Undefined property: stdClass::$weight in /var/www/html/adelaonline/admin/model/feed/sentir_dropship.php on line 228
2015-12-13 21:43:12 - PHP Notice:  Undefined property: stdClass::$weight_prefix in /var/www/html/adelaonline/admin/model/feed/sentir_dropship.php on line 228
2015-12-13 21:43:12 - PHP Notice:  Undefined property: stdClass::$subtract in /var/www/html/adelaonline/admin/model/feed/sentir_dropship.php on line 228
2015-12-13 21:43:12 - PHP Notice:  Undefined property: stdClass::$points in /var/www/html/adelaonline/admin/model/feed/sentir_dropship.php on line 228
2015-12-13 21:43:12 - PHP Notice:  Undefined property: stdClass::$points_prefix in /var/www/html/adelaonline/admin/model/feed/sentir_dropship.php on line 228
2015-12-13 21:43:12 - PHP Notice:  Undefined property: stdClass::$weight in /var/www/html/adelaonline/admin/model/feed/sentir_dropship.php on line 228
2015-12-13 21:43:12 - PHP Notice:  Undefined property: stdClass::$weight_prefix in /var/www/html/adelaonline/admin/model/feed/sentir_dropship.php on line 228
2015-12-13 21:43:40 - PHP Notice:  Undefined variable: pagination in /var/www/html/adelaonline/catalog/view/theme/lexus_adela/template/common/products_module.tpl on line 47
2015-12-13 21:43:40 - PHP Notice:  Undefined variable: pagination in /var/www/html/adelaonline/catalog/view/theme/lexus_adela/template/common/products_module.tpl on line 47
2015-12-13 21:43:40 - PHP Notice:  Undefined variable: template_layout in /var/www/html/adelaonline/catalog/view/theme/lexus_adela/template/common/header.tpl on line 129
2015-12-13 21:43:42 - PHP Notice:  Undefined variable: template_layout in /var/www/html/adelaonline/catalog/view/theme/lexus_adela/template/common/header.tpl on line 129
2015-12-13 21:46:06 - PHP Notice:  Undefined variable: pagination in /var/www/html/adelaonline/catalog/view/theme/lexus_adela/template/common/products_module.tpl on line 47
2015-12-13 21:46:06 - PHP Notice:  Undefined variable: pagination in /var/www/html/adelaonline/catalog/view/theme/lexus_adela/template/common/products_module.tpl on line 47
2015-12-13 21:46:06 - PHP Notice:  Undefined variable: template_layout in /var/www/html/adelaonline/catalog/view/theme/lexus_adela/template/common/header.tpl on line 129
2015-12-13 21:46:18 - PHP Unknown:  Object of class DB could not be converted to string in /var/www/html/adelaonline/admin/model/feed/sentir_dropship.php on line 286
2015-12-13 21:46:28 - PHP Notice:  Undefined variable: pagination in /var/www/html/adelaonline/catalog/view/theme/lexus_adela/template/common/products_module.tpl on line 47
2015-12-13 21:46:28 - PHP Notice:  Undefined variable: pagination in /var/www/html/adelaonline/catalog/view/theme/lexus_adela/template/common/products_module.tpl on line 47
2015-12-13 21:46:28 - PHP Notice:  Undefined variable: template_layout in /var/www/html/adelaonline/catalog/view/theme/lexus_adela/template/common/header.tpl on line 129
2015-12-13 21:46:30 - PHP Notice:  Undefined variable: template_layout in /var/www/html/adelaonline/catalog/view/theme/lexus_adela/template/common/header.tpl on line 129
2015-12-13 21:47:31 - PHP Notice:  Undefined property: stdClass::$subtract in /var/www/html/adelaonline/admin/model/feed/sentir_dropship.php on line 228
2015-12-13 21:47:31 - PHP Notice:  Undefined property: stdClass::$points in /var/www/html/adelaonline/admin/model/feed/sentir_dropship.php on line 228
2015-12-13 21:47:31 - PHP Notice:  Undefined property: stdClass::$points_prefix in /var/www/html/adelaonline/admin/model/feed/sentir_dropship.php on line 228
2015-12-13 21:47:31 - PHP Notice:  Undefined property: stdClass::$weight in /var/www/html/adelaonline/admin/model/feed/sentir_dropship.php on line 228
2015-12-13 21:47:31 - PHP Notice:  Undefined property: stdClass::$weight_prefix in /var/www/html/adelaonline/admin/model/feed/sentir_dropship.php on line 228
2015-12-13 21:47:31 - PHP Notice:  Undefined property: stdClass::$subtract in /var/www/html/adelaonline/admin/model/feed/sentir_dropship.php on line 228
2015-12-13 21:47:31 - PHP Notice:  Undefined property: stdClass::$points in /var/www/html/adelaonline/admin/model/feed/sentir_dropship.php on line 228
2015-12-13 21:47:31 - PHP Notice:  Undefined property: stdClass::$points_prefix in /var/www/html/adelaonline/admin/model/feed/sentir_dropship.php on line 228
2015-12-13 21:47:31 - PHP Notice:  Undefined property: stdClass::$weight in /var/www/html/adelaonline/admin/model/feed/sentir_dropship.php on line 228
2015-12-13 21:47:31 - PHP Notice:  Undefined property: stdClass::$weight_prefix in /var/www/html/adelaonline/admin/model/feed/sentir_dropship.php on line 228
2015-12-13 21:47:31 - PHP Notice:  Undefined property: stdClass::$subtract in /var/www/html/adelaonline/admin/model/feed/sentir_dropship.php on line 228
2015-12-13 21:47:31 - PHP Notice:  Undefined property: stdClass::$points in /var/www/html/adelaonline/admin/model/feed/sentir_dropship.php on line 228
2015-12-13 21:47:31 - PHP Notice:  Undefined property: stdClass::$points_prefix in /var/www/html/adelaonline/admin/model/feed/sentir_dropship.php on line 228
2015-12-13 21:47:31 - PHP Notice:  Undefined property: stdClass::$weight in /var/www/html/adelaonline/admin/model/feed/sentir_dropship.php on line 228
2015-12-13 21:47:31 - PHP Notice:  Undefined property: stdClass::$weight_prefix in /var/www/html/adelaonline/admin/model/feed/sentir_dropship.php on line 228
2015-12-13 21:47:31 - PHP Notice:  Undefined property: stdClass::$subtract in /var/www/html/adelaonline/admin/model/feed/sentir_dropship.php on line 228
2015-12-13 21:47:31 - PHP Notice:  Undefined property: stdClass::$points in /var/www/html/adelaonline/admin/model/feed/sentir_dropship.php on line 228
2015-12-13 21:47:31 - PHP Notice:  Undefined property: stdClass::$points_prefix in /var/www/html/adelaonline/admin/model/feed/sentir_dropship.php on line 228
2015-12-13 21:47:31 - PHP Notice:  Undefined property: stdClass::$weight in /var/www/html/adelaonline/admin/model/feed/sentir_dropship.php on line 228
2015-12-13 21:47:31 - PHP Notice:  Undefined property: stdClass::$weight_prefix in /var/www/html/adelaonline/admin/model/feed/sentir_dropship.php on line 228
2015-12-13 21:47:31 - PHP Notice:  Undefined property: stdClass::$subtract in /var/www/html/adelaonline/admin/model/feed/sentir_dropship.php on line 228
2015-12-13 21:47:31 - PHP Notice:  Undefined property: stdClass::$points in /var/www/html/adelaonline/admin/model/feed/sentir_dropship.php on line 228
2015-12-13 21:47:31 - PHP Notice:  Undefined property: stdClass::$points_prefix in /var/www/html/adelaonline/admin/model/feed/sentir_dropship.php on line 228
2015-12-13 21:47:31 - PHP Notice:  Undefined property: stdClass::$weight in /var/www/html/adelaonline/admin/model/feed/sentir_dropship.php on line 228
2015-12-13 21:47:31 - PHP Notice:  Undefined property: stdClass::$weight_prefix in /var/www/html/adelaonline/admin/model/feed/sentir_dropship.php on line 228
2015-12-13 21:48:00 - PHP Notice:  Undefined variable: pagination in /var/www/html/adelaonline/catalog/view/theme/lexus_adela/template/common/products_module.tpl on line 47
2015-12-13 21:48:00 - PHP Notice:  Undefined variable: pagination in /var/www/html/adelaonline/catalog/view/theme/lexus_adela/template/common/products_module.tpl on line 47
2015-12-13 21:48:00 - PHP Notice:  Undefined variable: template_layout in /var/www/html/adelaonline/catalog/view/theme/lexus_adela/template/common/header.tpl on line 129
2015-12-13 21:48:03 - PHP Notice:  Undefined variable: template_layout in /var/www/html/adelaonline/catalog/view/theme/lexus_adela/template/common/header.tpl on line 129
2015-12-13 21:49:07 - PHP Notice:  Undefined index: option_value_id in /var/www/html/adelaonline/admin/model/catalog/product.php on line 175
2015-12-13 21:49:07 - PHP Notice:  Undefined index: option_value_id in /var/www/html/adelaonline/admin/model/catalog/product.php on line 175
2015-12-13 21:49:07 - PHP Notice:  Undefined index: option_value_id in /var/www/html/adelaonline/admin/model/catalog/product.php on line 175
2015-12-13 21:49:07 - PHP Notice:  Undefined index: option_value_id in /var/www/html/adelaonline/admin/model/catalog/product.php on line 175
2015-12-13 21:49:07 - PHP Notice:  Undefined index: option_value_id in /var/www/html/adelaonline/admin/model/catalog/product.php on line 175
2015-12-13 21:49:11 - PHP Notice:  Undefined variable: template_layout in /var/www/html/adelaonline/catalog/view/theme/lexus_adela/template/common/header.tpl on line 129
2015-12-13 21:50:04 - PHP Notice:  Undefined index: option_value_id in /var/www/html/adelaonline/admin/model/catalog/product.php on line 175
2015-12-13 21:50:04 - PHP Notice:  Undefined index: option_value_id in /var/www/html/adelaonline/admin/model/catalog/product.php on line 175
2015-12-13 21:50:04 - PHP Notice:  Undefined index: option_value_id in /var/www/html/adelaonline/admin/model/catalog/product.php on line 175
2015-12-13 21:50:04 - PHP Notice:  Undefined index: option_value_id in /var/www/html/adelaonline/admin/model/catalog/product.php on line 175
2015-12-13 21:50:04 - PHP Notice:  Undefined index: option_value_id in /var/www/html/adelaonline/admin/model/catalog/product.php on line 175
2015-12-13 21:50:07 - PHP Notice:  Undefined variable: template_layout in /var/www/html/adelaonline/catalog/view/theme/lexus_adela/template/common/header.tpl on line 129
2015-12-13 21:50:29 - PHP Notice:  Undefined index: option_value_id in /var/www/html/adelaonline/admin/model/catalog/product.php on line 175
2015-12-13 21:50:29 - PHP Notice:  Undefined index: option_value_id in /var/www/html/adelaonline/admin/model/catalog/product.php on line 175
2015-12-13 21:50:29 - PHP Notice:  Undefined index: option_value_id in /var/www/html/adelaonline/admin/model/catalog/product.php on line 175
2015-12-13 21:50:29 - PHP Notice:  Undefined index: option_value_id in /var/www/html/adelaonline/admin/model/catalog/product.php on line 175
2015-12-13 21:50:29 - PHP Notice:  Undefined index: option_value_id in /var/www/html/adelaonline/admin/model/catalog/product.php on line 175
2015-12-13 21:51:40 - PHP Notice:  Undefined variable: template_layout in /var/www/html/adelaonline/catalog/view/theme/lexus_adela/template/common/header.tpl on line 129
2015-12-13 21:53:10 - PHP Notice:  Undefined property: stdClass::$subtract in /var/www/html/adelaonline/admin/model/feed/sentir_dropship.php on line 228
2015-12-13 21:53:10 - PHP Notice:  Undefined property: stdClass::$points in /var/www/html/adelaonline/admin/model/feed/sentir_dropship.php on line 228
2015-12-13 21:53:10 - PHP Notice:  Undefined property: stdClass::$points_prefix in /var/www/html/adelaonline/admin/model/feed/sentir_dropship.php on line 228
2015-12-13 21:53:10 - PHP Notice:  Undefined property: stdClass::$weight in /var/www/html/adelaonline/admin/model/feed/sentir_dropship.php on line 228
2015-12-13 21:53:10 - PHP Notice:  Undefined property: stdClass::$weight_prefix in /var/www/html/adelaonline/admin/model/feed/sentir_dropship.php on line 228
2015-12-13 21:53:10 - PHP Notice:  Undefined property: stdClass::$subtract in /var/www/html/adelaonline/admin/model/feed/sentir_dropship.php on line 228
2015-12-13 21:53:10 - PHP Notice:  Undefined property: stdClass::$points in /var/www/html/adelaonline/admin/model/feed/sentir_dropship.php on line 228
2015-12-13 21:53:10 - PHP Notice:  Undefined property: stdClass::$points_prefix in /var/www/html/adelaonline/admin/model/feed/sentir_dropship.php on line 228
2015-12-13 21:53:10 - PHP Notice:  Undefined property: stdClass::$weight in /var/www/html/adelaonline/admin/model/feed/sentir_dropship.php on line 228
2015-12-13 21:53:10 - PHP Notice:  Undefined property: stdClass::$weight_prefix in /var/www/html/adelaonline/admin/model/feed/sentir_dropship.php on line 228
2015-12-13 21:53:10 - PHP Notice:  Undefined property: stdClass::$subtract in /var/www/html/adelaonline/admin/model/feed/sentir_dropship.php on line 228
2015-12-13 21:53:10 - PHP Notice:  Undefined property: stdClass::$points in /var/www/html/adelaonline/admin/model/feed/sentir_dropship.php on line 228
2015-12-13 21:53:10 - PHP Notice:  Undefined property: stdClass::$points_prefix in /var/www/html/adelaonline/admin/model/feed/sentir_dropship.php on line 228
2015-12-13 21:53:10 - PHP Notice:  Undefined property: stdClass::$weight in /var/www/html/adelaonline/admin/model/feed/sentir_dropship.php on line 228
2015-12-13 21:53:10 - PHP Notice:  Undefined property: stdClass::$weight_prefix in /var/www/html/adelaonline/admin/model/feed/sentir_dropship.php on line 228
2015-12-13 21:53:10 - PHP Notice:  Undefined property: stdClass::$subtract in /var/www/html/adelaonline/admin/model/feed/sentir_dropship.php on line 228
2015-12-13 21:53:10 - PHP Notice:  Undefined property: stdClass::$points in /var/www/html/adelaonline/admin/model/feed/sentir_dropship.php on line 228
2015-12-13 21:53:10 - PHP Notice:  Undefined property: stdClass::$points_prefix in /var/www/html/adelaonline/admin/model/feed/sentir_dropship.php on line 228
2015-12-13 21:53:10 - PHP Notice:  Undefined property: stdClass::$weight in /var/www/html/adelaonline/admin/model/feed/sentir_dropship.php on line 228
2015-12-13 21:53:10 - PHP Notice:  Undefined property: stdClass::$weight_prefix in /var/www/html/adelaonline/admin/model/feed/sentir_dropship.php on line 228
2015-12-13 21:53:10 - PHP Notice:  Undefined property: stdClass::$subtract in /var/www/html/adelaonline/admin/model/feed/sentir_dropship.php on line 228
2015-12-13 21:53:10 - PHP Notice:  Undefined property: stdClass::$points in /var/www/html/adelaonline/admin/model/feed/sentir_dropship.php on line 228
2015-12-13 21:53:10 - PHP Notice:  Undefined property: stdClass::$points_prefix in /var/www/html/adelaonline/admin/model/feed/sentir_dropship.php on line 228
2015-12-13 21:53:10 - PHP Notice:  Undefined property: stdClass::$weight in /var/www/html/adelaonline/admin/model/feed/sentir_dropship.php on line 228
2015-12-13 21:53:10 - PHP Notice:  Undefined property: stdClass::$weight_prefix in /var/www/html/adelaonline/admin/model/feed/sentir_dropship.php on line 228
2015-12-13 21:53:32 - PHP Notice:  Undefined variable: pagination in /var/www/html/adelaonline/catalog/view/theme/lexus_adela/template/common/products_module.tpl on line 47
2015-12-13 21:53:32 - PHP Notice:  Undefined variable: pagination in /var/www/html/adelaonline/catalog/view/theme/lexus_adela/template/common/products_module.tpl on line 47
2015-12-13 21:53:32 - PHP Notice:  Undefined variable: template_layout in /var/www/html/adelaonline/catalog/view/theme/lexus_adela/template/common/header.tpl on line 129
2015-12-13 21:53:35 - PHP Notice:  Undefined variable: pagination in /var/www/html/adelaonline/catalog/view/theme/lexus_adela/template/common/products_module.tpl on line 47
2015-12-13 21:53:35 - PHP Notice:  Undefined variable: pagination in /var/www/html/adelaonline/catalog/view/theme/lexus_adela/template/common/products_module.tpl on line 47
2015-12-13 21:53:35 - PHP Notice:  Undefined variable: template_layout in /var/www/html/adelaonline/catalog/view/theme/lexus_adela/template/common/header.tpl on line 129
2015-12-13 21:53:42 - PHP Notice:  Undefined variable: pagination in /var/www/html/adelaonline/catalog/view/theme/lexus_adela/template/common/products_module.tpl on line 47
2015-12-13 21:53:42 - PHP Notice:  Undefined variable: pagination in /var/www/html/adelaonline/catalog/view/theme/lexus_adela/template/common/products_module.tpl on line 47
2015-12-13 21:53:42 - PHP Notice:  Undefined variable: template_layout in /var/www/html/adelaonline/catalog/view/theme/lexus_adela/template/common/header.tpl on line 129
2015-12-13 21:53:44 - PHP Notice:  Undefined variable: pagination in /var/www/html/adelaonline/catalog/view/theme/lexus_adela/template/common/products_module.tpl on line 47
2015-12-13 21:53:44 - PHP Notice:  Undefined variable: pagination in /var/www/html/adelaonline/catalog/view/theme/lexus_adela/template/common/products_module.tpl on line 47
2015-12-13 21:53:44 - PHP Notice:  Undefined variable: template_layout in /var/www/html/adelaonline/catalog/view/theme/lexus_adela/template/common/header.tpl on line 129
2015-12-13 21:53:47 - PHP Notice:  Undefined variable: template_layout in /var/www/html/adelaonline/catalog/view/theme/lexus_adela/template/common/header.tpl on line 129
2015-12-13 21:54:34 - PHP Notice:  Undefined variable: template_layout in /var/www/html/adelaonline/catalog/view/theme/lexus_adela/template/common/header.tpl on line 129
2015-12-13 21:59:23 - PHP Notice:  Undefined variable: template_layout in /var/www/html/adelaonline/catalog/view/theme/lexus_adela/template/common/header.tpl on line 129
2015-12-13 21:59:32 - PHP Notice:  Undefined property: stdClass::$subtract in /var/www/html/adelaonline/admin/model/feed/sentir_dropship.php on line 228
2015-12-13 21:59:32 - PHP Notice:  Undefined property: stdClass::$points in /var/www/html/adelaonline/admin/model/feed/sentir_dropship.php on line 228
2015-12-13 21:59:32 - PHP Notice:  Undefined property: stdClass::$points_prefix in /var/www/html/adelaonline/admin/model/feed/sentir_dropship.php on line 228
2015-12-13 21:59:32 - PHP Notice:  Undefined property: stdClass::$weight in /var/www/html/adelaonline/admin/model/feed/sentir_dropship.php on line 228
2015-12-13 21:59:32 - PHP Notice:  Undefined property: stdClass::$weight_prefix in /var/www/html/adelaonline/admin/model/feed/sentir_dropship.php on line 228
2015-12-13 21:59:32 - PHP Notice:  Undefined property: stdClass::$subtract in /var/www/html/adelaonline/admin/model/feed/sentir_dropship.php on line 228
2015-12-13 21:59:32 - PHP Notice:  Undefined property: stdClass::$points in /var/www/html/adelaonline/admin/model/feed/sentir_dropship.php on line 228
2015-12-13 21:59:32 - PHP Notice:  Undefined property: stdClass::$points_prefix in /var/www/html/adelaonline/admin/model/feed/sentir_dropship.php on line 228
2015-12-13 21:59:32 - PHP Notice:  Undefined property: stdClass::$weight in /var/www/html/adelaonline/admin/model/feed/sentir_dropship.php on line 228
2015-12-13 21:59:32 - PHP Notice:  Undefined property: stdClass::$weight_prefix in /var/www/html/adelaonline/admin/model/feed/sentir_dropship.php on line 228
2015-12-13 21:59:32 - PHP Notice:  Undefined property: stdClass::$subtract in /var/www/html/adelaonline/admin/model/feed/sentir_dropship.php on line 228
2015-12-13 21:59:32 - PHP Notice:  Undefined property: stdClass::$points in /var/www/html/adelaonline/admin/model/feed/sentir_dropship.php on line 228
2015-12-13 21:59:32 - PHP Notice:  Undefined property: stdClass::$points_prefix in /var/www/html/adelaonline/admin/model/feed/sentir_dropship.php on line 228
2015-12-13 21:59:32 - PHP Notice:  Undefined property: stdClass::$weight in /var/www/html/adelaonline/admin/model/feed/sentir_dropship.php on line 228
2015-12-13 21:59:32 - PHP Notice:  Undefined property: stdClass::$weight_prefix in /var/www/html/adelaonline/admin/model/feed/sentir_dropship.php on line 228
2015-12-13 21:59:32 - PHP Notice:  Undefined property: stdClass::$subtract in /var/www/html/adelaonline/admin/model/feed/sentir_dropship.php on line 228
2015-12-13 21:59:32 - PHP Notice:  Undefined property: stdClass::$points in /var/www/html/adelaonline/admin/model/feed/sentir_dropship.php on line 228
2015-12-13 21:59:32 - PHP Notice:  Undefined property: stdClass::$points_prefix in /var/www/html/adelaonline/admin/model/feed/sentir_dropship.php on line 228
2015-12-13 21:59:32 - PHP Notice:  Undefined property: stdClass::$weight in /var/www/html/adelaonline/admin/model/feed/sentir_dropship.php on line 228
2015-12-13 21:59:32 - PHP Notice:  Undefined property: stdClass::$weight_prefix in /var/www/html/adelaonline/admin/model/feed/sentir_dropship.php on line 228
2015-12-13 21:59:32 - PHP Notice:  Undefined property: stdClass::$subtract in /var/www/html/adelaonline/admin/model/feed/sentir_dropship.php on line 228
2015-12-13 21:59:32 - PHP Notice:  Undefined property: stdClass::$points in /var/www/html/adelaonline/admin/model/feed/sentir_dropship.php on line 228
2015-12-13 21:59:32 - PHP Notice:  Undefined property: stdClass::$points_prefix in /var/www/html/adelaonline/admin/model/feed/sentir_dropship.php on line 228
2015-12-13 21:59:32 - PHP Notice:  Undefined property: stdClass::$weight in /var/www/html/adelaonline/admin/model/feed/sentir_dropship.php on line 228
2015-12-13 21:59:32 - PHP Notice:  Undefined property: stdClass::$weight_prefix in /var/www/html/adelaonline/admin/model/feed/sentir_dropship.php on line 228
2015-12-13 22:02:22 - PHP Notice:  Undefined property: stdClass::$subtract in /var/www/html/adelaonline/admin/model/feed/sentir_dropship.php on line 228
2015-12-13 22:02:22 - PHP Notice:  Undefined property: stdClass::$points in /var/www/html/adelaonline/admin/model/feed/sentir_dropship.php on line 228
2015-12-13 22:02:22 - PHP Notice:  Undefined property: stdClass::$points_prefix in /var/www/html/adelaonline/admin/model/feed/sentir_dropship.php on line 228
2015-12-13 22:02:22 - PHP Notice:  Undefined property: stdClass::$weight in /var/www/html/adelaonline/admin/model/feed/sentir_dropship.php on line 228
2015-12-13 22:02:22 - PHP Notice:  Undefined property: stdClass::$weight_prefix in /var/www/html/adelaonline/admin/model/feed/sentir_dropship.php on line 228
2015-12-13 22:02:22 - PHP Notice:  Undefined property: stdClass::$subtract in /var/www/html/adelaonline/admin/model/feed/sentir_dropship.php on line 228
2015-12-13 22:02:22 - PHP Notice:  Undefined property: stdClass::$points in /var/www/html/adelaonline/admin/model/feed/sentir_dropship.php on line 228
2015-12-13 22:02:22 - PHP Notice:  Undefined property: stdClass::$points_prefix in /var/www/html/adelaonline/admin/model/feed/sentir_dropship.php on line 228
2015-12-13 22:02:22 - PHP Notice:  Undefined property: stdClass::$weight in /var/www/html/adelaonline/admin/model/feed/sentir_dropship.php on line 228
2015-12-13 22:02:22 - PHP Notice:  Undefined property: stdClass::$weight_prefix in /var/www/html/adelaonline/admin/model/feed/sentir_dropship.php on line 228
2015-12-13 22:02:22 - PHP Notice:  Undefined property: stdClass::$subtract in /var/www/html/adelaonline/admin/model/feed/sentir_dropship.php on line 228
2015-12-13 22:02:22 - PHP Notice:  Undefined property: stdClass::$points in /var/www/html/adelaonline/admin/model/feed/sentir_dropship.php on line 228
2015-12-13 22:02:22 - PHP Notice:  Undefined property: stdClass::$points_prefix in /var/www/html/adelaonline/admin/model/feed/sentir_dropship.php on line 228
2015-12-13 22:02:22 - PHP Notice:  Undefined property: stdClass::$weight in /var/www/html/adelaonline/admin/model/feed/sentir_dropship.php on line 228
2015-12-13 22:02:22 - PHP Notice:  Undefined property: stdClass::$weight_prefix in /var/www/html/adelaonline/admin/model/feed/sentir_dropship.php on line 228
2015-12-13 22:02:22 - PHP Notice:  Undefined property: stdClass::$subtract in /var/www/html/adelaonline/admin/model/feed/sentir_dropship.php on line 228
2015-12-13 22:02:22 - PHP Notice:  Undefined property: stdClass::$points in /var/www/html/adelaonline/admin/model/feed/sentir_dropship.php on line 228
2015-12-13 22:02:22 - PHP Notice:  Undefined property: stdClass::$points_prefix in /var/www/html/adelaonline/admin/model/feed/sentir_dropship.php on line 228
2015-12-13 22:02:22 - PHP Notice:  Undefined property: stdClass::$weight in /var/www/html/adelaonline/admin/model/feed/sentir_dropship.php on line 228
2015-12-13 22:02:22 - PHP Notice:  Undefined property: stdClass::$weight_prefix in /var/www/html/adelaonline/admin/model/feed/sentir_dropship.php on line 228
2015-12-13 22:02:22 - PHP Notice:  Undefined property: stdClass::$subtract in /var/www/html/adelaonline/admin/model/feed/sentir_dropship.php on line 228
2015-12-13 22:02:22 - PHP Notice:  Undefined property: stdClass::$points in /var/www/html/adelaonline/admin/model/feed/sentir_dropship.php on line 228
2015-12-13 22:02:22 - PHP Notice:  Undefined property: stdClass::$points_prefix in /var/www/html/adelaonline/admin/model/feed/sentir_dropship.php on line 228
2015-12-13 22:02:22 - PHP Notice:  Undefined property: stdClass::$weight in /var/www/html/adelaonline/admin/model/feed/sentir_dropship.php on line 228
2015-12-13 22:02:22 - PHP Notice:  Undefined property: stdClass::$weight_prefix in /var/www/html/adelaonline/admin/model/feed/sentir_dropship.php on line 228
2015-12-13 22:04:42 - PHP Notice:  Undefined property: stdClass::$subtract in /var/www/html/adelaonline/admin/model/feed/sentir_dropship.php on line 228
2015-12-13 22:04:42 - PHP Notice:  Undefined property: stdClass::$points in /var/www/html/adelaonline/admin/model/feed/sentir_dropship.php on line 228
2015-12-13 22:04:42 - PHP Notice:  Undefined property: stdClass::$points_prefix in /var/www/html/adelaonline/admin/model/feed/sentir_dropship.php on line 228
2015-12-13 22:04:42 - PHP Notice:  Undefined property: stdClass::$weight in /var/www/html/adelaonline/admin/model/feed/sentir_dropship.php on line 228
2015-12-13 22:04:42 - PHP Notice:  Undefined property: stdClass::$weight_prefix in /var/www/html/adelaonline/admin/model/feed/sentir_dropship.php on line 228
2015-12-13 22:04:42 - PHP Notice:  Undefined property: stdClass::$subtract in /var/www/html/adelaonline/admin/model/feed/sentir_dropship.php on line 228
2015-12-13 22:04:42 - PHP Notice:  Undefined property: stdClass::$points in /var/www/html/adelaonline/admin/model/feed/sentir_dropship.php on line 228
2015-12-13 22:04:42 - PHP Notice:  Undefined property: stdClass::$points_prefix in /var/www/html/adelaonline/admin/model/feed/sentir_dropship.php on line 228
2015-12-13 22:04:42 - PHP Notice:  Undefined property: stdClass::$weight in /var/www/html/adelaonline/admin/model/feed/sentir_dropship.php on line 228
2015-12-13 22:04:42 - PHP Notice:  Undefined property: stdClass::$weight_prefix in /var/www/html/adelaonline/admin/model/feed/sentir_dropship.php on line 228
2015-12-13 22:04:42 - PHP Notice:  Undefined property: stdClass::$subtract in /var/www/html/adelaonline/admin/model/feed/sentir_dropship.php on line 228
2015-12-13 22:04:42 - PHP Notice:  Undefined property: stdClass::$points in /var/www/html/adelaonline/admin/model/feed/sentir_dropship.php on line 228
2015-12-13 22:04:42 - PHP Notice:  Undefined property: stdClass::$points_prefix in /var/www/html/adelaonline/admin/model/feed/sentir_dropship.php on line 228
2015-12-13 22:04:42 - PHP Notice:  Undefined property: stdClass::$weight in /var/www/html/adelaonline/admin/model/feed/sentir_dropship.php on line 228
2015-12-13 22:04:42 - PHP Notice:  Undefined property: stdClass::$weight_prefix in /var/www/html/adelaonline/admin/model/feed/sentir_dropship.php on line 228
2015-12-13 22:04:42 - PHP Notice:  Undefined property: stdClass::$subtract in /var/www/html/adelaonline/admin/model/feed/sentir_dropship.php on line 228
2015-12-13 22:04:42 - PHP Notice:  Undefined property: stdClass::$points in /var/www/html/adelaonline/admin/model/feed/sentir_dropship.php on line 228
2015-12-13 22:04:42 - PHP Notice:  Undefined property: stdClass::$points_prefix in /var/www/html/adelaonline/admin/model/feed/sentir_dropship.php on line 228
2015-12-13 22:04:42 - PHP Notice:  Undefined property: stdClass::$weight in /var/www/html/adelaonline/admin/model/feed/sentir_dropship.php on line 228
2015-12-13 22:04:42 - PHP Notice:  Undefined property: stdClass::$weight_prefix in /var/www/html/adelaonline/admin/model/feed/sentir_dropship.php on line 228
2015-12-13 22:04:42 - PHP Notice:  Undefined property: stdClass::$subtract in /var/www/html/adelaonline/admin/model/feed/sentir_dropship.php on line 228
2015-12-13 22:04:42 - PHP Notice:  Undefined property: stdClass::$points in /var/www/html/adelaonline/admin/model/feed/sentir_dropship.php on line 228
2015-12-13 22:04:42 - PHP Notice:  Undefined property: stdClass::$points_prefix in /var/www/html/adelaonline/admin/model/feed/sentir_dropship.php on line 228
2015-12-13 22:04:42 - PHP Notice:  Undefined property: stdClass::$weight in /var/www/html/adelaonline/admin/model/feed/sentir_dropship.php on line 228
2015-12-13 22:04:42 - PHP Notice:  Undefined property: stdClass::$weight_prefix in /var/www/html/adelaonline/admin/model/feed/sentir_dropship.php on line 228
2015-12-13 22:05:11 - PHP Notice:  Undefined variable: pagination in /var/www/html/adelaonline/catalog/view/theme/lexus_adela/template/common/products_module.tpl on line 47
2015-12-13 22:05:11 - PHP Notice:  Undefined variable: pagination in /var/www/html/adelaonline/catalog/view/theme/lexus_adela/template/common/products_module.tpl on line 47
2015-12-13 22:05:11 - PHP Notice:  Undefined variable: template_layout in /var/www/html/adelaonline/catalog/view/theme/lexus_adela/template/common/header.tpl on line 129
2015-12-13 22:05:13 - PHP Notice:  Undefined variable: template_layout in /var/www/html/adelaonline/catalog/view/theme/lexus_adela/template/common/header.tpl on line 129
2015-12-13 22:06:20 - PHP Notice:  Undefined variable: pagination in /var/www/html/adelaonline/catalog/view/theme/lexus_adela/template/common/products_module.tpl on line 47
2015-12-13 22:06:20 - PHP Notice:  Undefined variable: pagination in /var/www/html/adelaonline/catalog/view/theme/lexus_adela/template/common/products_module.tpl on line 47
2015-12-13 22:06:20 - PHP Notice:  Undefined variable: template_layout in /var/www/html/adelaonline/catalog/view/theme/lexus_adela/template/common/header.tpl on line 129
2015-12-13 22:06:23 - PHP Notice:  Undefined variable: template_layout in /var/www/html/adelaonline/catalog/view/theme/lexus_adela/template/common/header.tpl on line 129
